<?xml version="1.0" encoding="UTF-8"?>
<!-- Generated by org.testng.reporters.JUnitReportReporter -->
<testsuite skipped="2" hostname="Vigneshs-MacBook-Air-3.local" name="testNg.Enabled" tests="3" failures="0" timestamp="2024-05-12T12:34:26 IST" time="0.012" errors="0">
  <testcase name="test2" time="0.012" classname="testNg.Enabled"/>
  <system-out/>
  <testcase name="test1" classname="testNg.Enabled">
    <skipped/>
  </testcase> <!-- test1 -->
  <system-out/>
  <testcase name="test3" classname="testNg.Enabled">
    <skipped/>
  </testcase> <!-- test3 -->
  <system-out/>
</testsuite> <!-- testNg.Enabled -->
