<?xml version="1.0" encoding="UTF-8"?>
<!-- Generated by org.testng.reporters.JUnitReportReporter -->
<testsuite skipped="0" hostname="Vigneshs-MacBook-Air-3.local" name="runner.LoginRunner" tests="4" failures="0" timestamp="2024-05-12T12:06:46 IST" time="21.393" errors="0">
  <testcase name="runScenario" time="6.805" classname="runner.LoginRunner"/>
  <system-out/>
  <testcase name="runScenario" time="4.787" classname="runner.LoginRunner"/>
  <system-out/>
  <testcase name="runScenario" time="4.944" classname="runner.LoginRunner"/>
  <system-out/>
  <testcase name="runScenario" time="4.857" classname="runner.LoginRunner"/>
  <system-out/>
</testsuite> <!-- runner.LoginRunner -->
