<?xml version="1.0" encoding="UTF-8"?>
<!-- Generated by org.testng.reporters.JUnitReportReporter -->
<testsuite skipped="0" hostname="Vigneshs-MacBook-Air-3.local" name="testNg.AnnotationOrder" tests="2" failures="0" timestamp="2024-05-07T23:00:14 IST" time="0.016" errors="0">
  <testcase name="testeditlead" time="0.005" classname="testNg.AnnotationOrder"/>
  <system-out/>
  <testcase name="testcreatelead" time="0.011" classname="testNg.AnnotationOrder"/>
  <system-out/>
</testsuite> <!-- testNg.AnnotationOrder -->
