<?xml version="1.0" encoding="UTF-8"?>
<!-- Generated by org.testng.reporters.JUnitReportReporter -->
<testsuite skipped="0" hostname="Vigneshs-MacBook-Air-3.local" name="testNg.InvocationCount" tests="3" failures="0" timestamp="2024-05-12T12:37:51 IST" time="0.015" errors="0">
  <testcase name="test3" time="0.002" classname="testNg.InvocationCount"/>
  <system-out/>
  <testcase name="test1" time="0.012" classname="testNg.InvocationCount"/>
  <system-out/>
  <testcase name="test2" time="0.001" classname="testNg.InvocationCount"/>
  <system-out/>
</testsuite> <!-- testNg.InvocationCount -->
