<?xml version="1.0" encoding="UTF-8"?>
<!-- Generated by org.testng.reporters.JUnitReportReporter -->
<testsuite skipped="0" hostname="Vigneshs-MacBook-Air-3.local" name="testNg.DuplicateLead" tests="1" failures="0" timestamp="2024-05-07T23:17:29 IST" time="37.074" errors="0">
  <testcase name="duplicateLead" time="37.074" classname="testNg.DuplicateLead"/>
  <system-out/>
</testsuite> <!-- testNg.DuplicateLead -->
