<?xml version="1.0" encoding="UTF-8"?>
<!-- Generated by org.testng.reporters.JUnitReportReporter -->
<testsuite skipped="0" hostname="Vigneshs-MacBook-Air-3.local" name="testNg.TestNgAttributes" tests="3" failures="0" timestamp="2024-05-12T12:32:22 IST" time="0.014" errors="0">
  <testcase name="test2" time="0.010" classname="testNg.TestNgAttributes"/>
  <system-out/>
  <testcase name="test3" time="0.003" classname="testNg.TestNgAttributes"/>
  <system-out/>
  <testcase name="test1" time="0.001" classname="testNg.TestNgAttributes"/>
  <system-out/>
</testsuite> <!-- testNg.TestNgAttributes -->
