<?xml version="1.0" encoding="UTF-8"?>
<!-- Generated by org.testng.reporters.JUnitReportReporter -->
<testsuite skipped="0" hostname="Vigneshs-MacBook-Air-3.local" name="testNg.DependsOnMethod" tests="3" failures="0" timestamp="2024-05-12T13:06:09 IST" time="0.012" errors="0">
  <testcase name="test1" time="0.009" classname="testNg.DependsOnMethod"/>
  <system-out/>
  <testcase name="test3" time="0.002" classname="testNg.DependsOnMethod"/>
  <system-out/>
  <testcase name="test2" time="0.001" classname="testNg.DependsOnMethod"/>
  <system-out/>
</testsuite> <!-- testNg.DependsOnMethod -->
